2025-02-04T19:58:57 (s2t.sh:264:main) ./s2t.sh --lang en --gpu_inference true --token_type bpe --nbpe 50000 --max_wav_duration 30 --use_lm false --feats_normalize utt_mvn --feats_type raw --s2t_config conf/tuning/owsm_v3.1_lr00001_03.yaml --inference_config conf/decode_asr_beam1_ctc03.yaml --inference_s2t_model valid.cer.ave_4best.pth --train_set train --valid_set dev --test_sets dev test --lm_train_text data/train/text --bpe_train_text data/train/text --local_data_opts --flac2wav true --audio_format wav --min_wav_duration 0.5 --dumpdir dump_filter --bpemodel data/en_token_list/bpe_unigram50000/owsm_v3.1/bpe.model --bpetoken_list data/en_token_list/bpe_unigram50000/owsm_v3.1/tokens.txt --stage 11
2025-02-04T19:58:58 (s2t.sh:302:main) Info: The valid_set 'dev' is included in the test_sets. '--eval_valid_set true' is set and 'dev' is removed from the test_sets
2025-02-04T19:58:58 (s2t.sh:547:main) Skipped stages:  6 7 8 9 14 15 
2025-02-04T19:58:58 (s2t.sh:1296:main) Stage 11: S2T Training: train_set=dump_filter/raw/train, valid_set=dump_filter/raw/dev
2025-02-04T19:58:58 (s2t.sh:1395:main) Generate 'exp/s2t_owsm_v3.1_lr00001_03_raw_en_bpe50000/run.sh'. You can resume the process from stage 11 using this script
2025-02-04T19:58:58 (s2t.sh:1399:main) S2T training started... log: 'exp/s2t_owsm_v3.1_lr00001_03_raw_en_bpe50000/train.log'
2025-02-04 19:59:00,274 (launch:94) INFO: /work/hdd/bbjs/clin10/bootcamp/espnet/tools/venv/envs/bootcamp/bin/python3 /work/hdd/bbjs/clin10/bootcamp/espnet/espnet2/bin/launch.py --cmd 'slurm.pl --name exp/s2t_owsm_v3.1_lr00001_03_raw_en_bpe50000/train.log' --log exp/s2t_owsm_v3.1_lr00001_03_raw_en_bpe50000/train.log --ngpu 1 --num_nodes 1 --init_file_prefix exp/s2t_owsm_v3.1_lr00001_03_raw_en_bpe50000/.dist_init_ --multiprocessing_distributed true -- python3 -m espnet2.bin.s2t_train --use_preprocessor true --bpemodel data/en_token_list/bpe_unigram50000/owsm_v3.1/bpe.model --token_type bpe --token_list data/en_token_list/bpe_unigram50000/owsm_v3.1/tokens.txt --non_linguistic_symbols none --cleaner none --g2p none --valid_data_path_and_name_and_type dump_filter/raw/dev/wav.scp,speech,sound --valid_shape_file exp/s2t_stats_raw_en_bpe50000/valid/speech_shape --resume true --fold_length 80000 --output_dir exp/s2t_owsm_v3.1_lr00001_03_raw_en_bpe50000 --config conf/tuning/owsm_v3.1_lr00001_03.yaml --frontend_conf fs=16k --train_data_path_and_name_and_type dump_filter/raw/train/wav.scp,speech,sound --train_shape_file exp/s2t_stats_raw_en_bpe50000/train/speech_shape --fold_length 150 --train_data_path_and_name_and_type dump_filter/raw/train/text.prev,text_prev,text --train_shape_file exp/s2t_stats_raw_en_bpe50000/train/text_prev_shape.bpe --fold_length 150 --train_data_path_and_name_and_type dump_filter/raw/train/text.ctc,text_ctc,text --train_shape_file exp/s2t_stats_raw_en_bpe50000/train/text_ctc_shape.bpe --fold_length 150 --train_data_path_and_name_and_type dump_filter/raw/train/text,text,text --train_shape_file exp/s2t_stats_raw_en_bpe50000/train/text_shape.bpe --valid_data_path_and_name_and_type dump_filter/raw/dev/text.prev,text_prev,text --valid_shape_file exp/s2t_stats_raw_en_bpe50000/valid/text_prev_shape.bpe --valid_data_path_and_name_and_type dump_filter/raw/dev/text.ctc,text_ctc,text --valid_shape_file exp/s2t_stats_raw_en_bpe50000/valid/text_ctc_shape.bpe --valid_data_path_and_name_and_type dump_filter/raw/dev/text,text,text --valid_shape_file exp/s2t_stats_raw_en_bpe50000/valid/text_shape.bpe
2025-02-04 19:59:00,481 (launch:348) INFO: log file: exp/s2t_owsm_v3.1_lr00001_03_raw_en_btail: cannot open 'exp/s2t_owsm_v3.1_lr003_03_raw_en_bpe50000/train.log' for reading: No such file or directory
/work/hdd/bbjs/clin10/bootcamp/espnet/egs2/myst/s2t1/utils/slurm.pl: Error: Job 6683419 seems to no longer exists:
'squeue -j 6683419' returned error code 1 and said:
  slurm_load_jobs error: Invalid job id specified

Syncfile exp/s2t_owsm_v3.1_lr003_03_raw_en_bpe50000/q/done.1188930 does not exist, meaning that the job did not finish.
Log is in exp/s2t_owsm_v3.1_lr003_03_raw_en_bpe50000/train.log. Last line '' does not end in 'status 0'.
Possible reasons:
  a) Exceeded time limit? -> Use more jobs!
  b) Shutdown/Frozen machine? -> Run again! squeue:
slurm_load_jobs error: Invalid job id specified
Command '['slurm.pl', '--name', 'exp/s2t_owsm_v3.1_lr003_03_raw_en_bpe50000/train.log', '--gpu', '1', 'exp/s2t_owsm_v3.1_lr003_03_raw_en_bpe50000/train.log', 'python3', '-m', 'espnet2.bin.s2t_train', '--use_preprocessor', 'true', '--bpemodel', 'data/en_token_list/bpe_unigram50000/owsm_v3.1/bpe.model', '--token_type', 'bpe', '--token_list', 'data/en_token_list/bpe_unigram50000/owsm_v3.1/tokens.txt', '--non_linguistic_symbols', 'none', '--cleaner', 'none', '--g2p', 'none', '--valid_data_path_and_name_and_type', 'dump_filter/raw/dev/wav.scp,speech,sound', '--valid_shape_file', 'exp/s2t_stats_raw_en_bpe50000/valid/speech_shape', '--resume', 'true', '--fold_length', '80000', '--output_dir', 'exp/s2t_owsm_v3.1_lr003_03_raw_en_bpe50000', '--config', 'conf/tuning/owsm_v3.1_lr003_03.yaml', '--frontend_conf', 'fs=16k', '--train_data_path_and_name_and_type', 'dump_filter/raw/train/wav.scp,speech,sound', '--train_shape_file', 'exp/s2t_stats_raw_en_bpe50000/train/speech_shape', '--fold_length', '150', '--train_data_path_and_name_and_type', 'dump_filter/raw/train/text.prev,text_prev,text', '--train_shape_file', 'exp/s2t_stats_raw_en_bpe50000/train/text_prev_shape.bpe', '--fold_length', '150', '--train_data_path_and_name_and_type', 'dump_filter/raw/train/text.ctc,text_ctc,text', '--train_shape_file', 'exp/s2t_stats_raw_en_bpe50000/train/text_ctc_shape.bpe', '--fold_length', '150', '--train_data_path_and_name_and_type', 'dump_filter/raw/train/text,text,text', '--train_shape_file', 'exp/s2t_stats_raw_en_bpe50000/train/text_shape.bpe', '--valid_data_path_and_name_and_type', 'dump_filter/raw/dev/text.prev,text_prev,text', '--valid_shape_file', 'exp/s2t_stats_raw_en_bpe50000/valid/text_prev_shape.bpe', '--valid_data_path_and_name_and_type', 'dump_filter/raw/dev/text.ctc,text_ctc,text', '--valid_shape_file', 'exp/s2t_stats_raw_en_bpe50000/valid/text_ctc_shape.bpe', '--valid_data_path_and_name_and_type', 'dump_filter/raw/dev/text,text,text', '--valid_shape_file', 'exp/s2t_stats_raw_en_bpe50000/valid/text_shape.bpe', '--ngpu', '1', '--multiprocessing_distributed', 'True']' returned non-zero exit status 1.
Traceback (most recent call last):
  File "<frozen runpy>", line 198, in _run_module_as_main
  File "<frozen runpy>", line 88, in _run_code
  File "/work/hdd/bbjs/clin10/bootcamp/espnet/espnet2/bin/launch.py", line 384, in <module>
    main()
  File "/work/hdd/bbjs/clin10/bootcamp/espnet/espnet2/bin/launch.py", line 380, in main
    raise RuntimeError
RuntimeError
